Date:2024-04-23 10:50:11
METHOD:POST
FUNCTION:Duitku\Pop->createInvoice
URL:https://api-prod.duitku.com/api/merchant/createInvoice
REQUEST:{"paymentAmount":200000,"merchantOrderId":"1713844211","productDetails":"Pembelian Paket TRYOUT","additionalParam":"","merchantUserInfo":"","customerVaName":"Ardhina S.D","email":"ardhinaswadiv@gmail.com","phoneNumber":"083104686247","itemDetails":[{"name":"Tryout Premium (10 pax)","price":200000,"quantity":1}],"customerDetail":{"firstName":"Ardhina S.D","lastName":"","email":"ardhinaswadiv@gmail.com","phoneNumber":"083104686247"},"callbackUrl":"https://apps.andalancpns.id/api/callbackduitku","returnUrl":"https://apps.andalancpns.id/transaksi","expiryPeriod":180}
RESPONSE:{"merchantCode":"D14889","reference":"D1488924WEHU2O2UURY5EMN","paymentUrl":"https://app-prod.duitku.com/redirect_checkout?reference=D1488924WEHU2O2UURY5EMN","amount":"200000.00","statusCode":"00","statusMessage":"SUCCESS"}

Date:2024-04-23 11:00:33
METHOD:POST
FUNCTION:Duitku\Pop->createInvoice
URL:https://api-prod.duitku.com/api/merchant/createInvoice
REQUEST:{"paymentAmount":200000,"merchantOrderId":"1713844832","productDetails":"Pembelian Paket TRYOUT","additionalParam":"","merchantUserInfo":"","customerVaName":"Ardhina S.D","email":"ardhinaswadiv@gmail.com","phoneNumber":"083104686247","itemDetails":[{"name":"Tryout Premium (10 pax)","price":200000,"quantity":1}],"customerDetail":{"firstName":"Ardhina S.D","lastName":"","email":"ardhinaswadiv@gmail.com","phoneNumber":"083104686247"},"callbackUrl":null,"returnUrl":"https://apps.andalancpns.id/transaksi","expiryPeriod":180}
RESPONSE:Unauthorized

Date:2024-04-23 11:01:49
METHOD:POST
FUNCTION:Duitku\Pop->createInvoice
URL:https://api-prod.duitku.com/api/merchant/createInvoice
REQUEST:{"paymentAmount":200000,"merchantOrderId":"1713844908","productDetails":"Pembelian Paket TRYOUT","additionalParam":"","merchantUserInfo":"","customerVaName":"Ardhina S.D","email":"ardhinaswadiv@gmail.com","phoneNumber":"083104686247","itemDetails":[{"name":"Tryout Premium (10 pax)","price":200000,"quantity":1}],"customerDetail":{"firstName":"Ardhina S.D","lastName":"","email":"ardhinaswadiv@gmail.com","phoneNumber":"083104686247"},"callbackUrl":"https://apps.andalancpns.id/api/callbackduitku","returnUrl":"https://apps.andalancpns.id/transaksi","expiryPeriod":180}
RESPONSE:Unauthorized

Date:2024-04-23 11:02:11
METHOD:POST
FUNCTION:Duitku\Pop->createInvoice
URL:https://api-prod.duitku.com/api/merchant/createInvoice
REQUEST:{"paymentAmount":200000,"merchantOrderId":"1713844930","productDetails":"Pembelian Paket TRYOUT","additionalParam":"","merchantUserInfo":"","customerVaName":"Ardhina S.D","email":"ardhinaswadiv@gmail.com","phoneNumber":"083104686247","itemDetails":[{"name":"Tryout Premium (10 pax)","price":200000,"quantity":1}],"customerDetail":{"firstName":"Ardhina S.D","lastName":"","email":"ardhinaswadiv@gmail.com","phoneNumber":"083104686247"},"callbackUrl":"https://apps.andalancpns.id/api/callbackduitku","returnUrl":"https://apps.andalancpns.id/transaksi","expiryPeriod":180}
RESPONSE:Unauthorized

Date:2024-04-23 11:02:43
METHOD:POST
FUNCTION:Duitku\Pop->createInvoice
URL:https://api-prod.duitku.com/api/merchant/createInvoice
REQUEST:{"paymentAmount":200000,"merchantOrderId":"1713844962","productDetails":"Pembelian Paket TRYOUT","additionalParam":"","merchantUserInfo":"","customerVaName":"Ardhina S.D","email":"ardhinaswadiv@gmail.com","phoneNumber":"083104686247","itemDetails":[{"name":"Tryout Premium (10 pax)","price":200000,"quantity":1}],"customerDetail":{"firstName":"Ardhina S.D","lastName":"","email":"ardhinaswadiv@gmail.com","phoneNumber":"083104686247"},"callbackUrl":"https://apps.andalancpns.id/api/callbackduitku","returnUrl":"https://apps.andalancpns.id/transaksi","expiryPeriod":180}
RESPONSE:{"merchantCode":"D14889","reference":"D1488924VQS4NOWO0DBEUP5","paymentUrl":"https://app-prod.duitku.com/redirect_checkout?reference=D1488924VQS4NOWO0DBEUP5","amount":"200000.00","statusCode":"00","statusMessage":"SUCCESS"}

Date:2024-04-23 11:03:34
METHOD:POST
FUNCTION:Duitku\Pop->createInvoice
URL:https://api-prod.duitku.com/api/merchant/createInvoice
REQUEST:{"paymentAmount":100000,"merchantOrderId":"1713845014","productDetails":"Pembelian Paket tester","additionalParam":"","merchantUserInfo":"","customerVaName":"Ardhina S.D","email":"ardhinaswadiv@gmail.com","phoneNumber":"083104686247","itemDetails":[{"name":"Testing bayar","price":100000,"quantity":1}],"customerDetail":{"firstName":"Ardhina S.D","lastName":"","email":"ardhinaswadiv@gmail.com","phoneNumber":"083104686247"},"callbackUrl":"https://apps.andalancpns.id/api/callbackduitku","returnUrl":"https://apps.andalancpns.id/transaksi","expiryPeriod":180}
RESPONSE:{"merchantCode":"D14889","reference":"D14889244INIV4QJ0MHSIYU","paymentUrl":"https://app-prod.duitku.com/redirect_checkout?reference=D14889244INIV4QJ0MHSIYU","amount":"100000.00","statusCode":"00","statusMessage":"SUCCESS"}

